<?xml version="1.0" encoding="UTF-8"?>
<!-- Generated by org.testng.reporters.JUnitXMLReporter -->
<testsuite hostname="Manikya-PC" ignored="0" name="Free CRM App Test Cases" tests="9" failures="0" timestamp="02 Apr 2018 14:58:17 GMT" time="163.146" errors="0">
  <testcase name="loginPageTiteTest" time="0.037" classname="com.crm.qa.testcases.LoginPageTest"/>
  <testcase name="verifyHomePageTitleTest" time="0.274" classname="com.crm.qa.testcases.HomePageTest"/>
  <testcase name="verifyContatcsPageLable" time="0.21" classname="com.crm.qa.testcases.ContactsPageTest"/>
  <testcase name="validateCRMLogo" time="0.127" classname="com.crm.qa.testcases.LoginPageTest"/>
  <testcase name="userNameTest" time="1.696" classname="com.crm.qa.testcases.HomePageTest"/>
  <testcase name="selectSingleContatcsTest" time="0.344" classname="com.crm.qa.testcases.ContactsPageTest"/>
  <testcase name="loginTest" time="0.342" classname="com.crm.qa.testcases.LoginPageTest"/>
  <testcase name="verifyContactsLinkTest" time="5.204" classname="com.crm.qa.testcases.HomePageTest"/>
  <testcase name="selectMultipleContatcsTest" time="0.82" classname="com.crm.qa.testcases.ContactsPageTest"/>
</testsuite> <!-- Free CRM App Test Cases -->
