<?xml version="1.0" encoding="UTF-8"?>
<!-- Generated by org.testng.reporters.JUnitXMLReporter -->
<testsuite hostname="Manikya-PC" ignored="0" name="Default test" tests="3" failures="0" timestamp="01 Apr 2018 17:23:35 GMT" time="52.927" errors="0">
  <testcase name="verifyContatcsPageLable" time="0.228" classname="com.crm.qa.testcases.ContactsPageTest"/>
  <testcase name="selectSingleContatcsTest" time="0.384" classname="com.crm.qa.testcases.ContactsPageTest"/>
  <testcase name="selectMultipleContatcsTest" time="0.922" classname="com.crm.qa.testcases.ContactsPageTest"/>
</testsuite> <!-- Default test -->
