<?xml version="1.0" encoding="UTF-8"?>
<!-- Generated by org.testng.reporters.JUnitXMLReporter -->
<testsuite hostname="Manikya-PC" ignored="2" name="Default test" tests="1" failures="0" timestamp="13 Mar 2018 14:51:10 GMT" time="11.376" errors="0">
  <testcase name="validateCRMLogo" time="0.142" classname="com.crm.qa.testcases.LoginPageTest"/>
  <testcase name="loginTest" time="0.0" classname="com.crm.qa.testcases.LoginPageTest">
    <ignored/>
  </testcase> <!-- loginTest -->
  <testcase name="loginPageTiteTest" time="0.0" classname="com.crm.qa.testcases.LoginPageTest">
    <ignored/>
  </testcase> <!-- loginPageTiteTest -->
</testsuite> <!-- Default test -->
