<?xml version="1.0" encoding="UTF-8"?>
<testng-results skipped="0" failed="0" ignored="2" total="3" passed="1">
  <reporter-output>
  </reporter-output>
  <suite name="Default suite" duration-ms="11376" started-at="2018-03-13T14:50:59Z" finished-at="2018-03-13T14:51:10Z">
    <groups>
    </groups>
    <test name="Default test" duration-ms="11376" started-at="2018-03-13T14:50:59Z" finished-at="2018-03-13T14:51:10Z">
      <class name="com.crm.qa.testcases.LoginPageTest">
        <test-method status="PASS" signature="setup()[pri:0, instance:com.crm.qa.testcases.LoginPageTest@68c4039c]" name="setup" is-config="true" duration-ms="10820" started-at="2018-03-13T20:20:59Z" finished-at="2018-03-13T20:21:10Z">
          <reporter-output>
          </reporter-output>
        </test-method> <!-- setup -->
        <test-method status="PASS" signature="validateCRMLogo()[pri:2, instance:com.crm.qa.testcases.LoginPageTest@68c4039c]" name="validateCRMLogo" duration-ms="142" started-at="2018-03-13T20:21:10Z" finished-at="2018-03-13T20:21:10Z">
          <reporter-output>
          </reporter-output>
        </test-method> <!-- validateCRMLogo -->
        <test-method status="PASS" signature="tearDown()[pri:0, instance:com.crm.qa.testcases.LoginPageTest@68c4039c]" name="tearDown" is-config="true" duration-ms="383" started-at="2018-03-13T20:21:10Z" finished-at="2018-03-13T20:21:10Z">
          <reporter-output>
          </reporter-output>
        </test-method> <!-- tearDown -->
      </class> <!-- com.crm.qa.testcases.LoginPageTest -->
    </test> <!-- Default test -->
  </suite> <!-- Default suite -->
</testng-results>
